<?xml version="1.0" encoding="UTF-8"?>
<!-- Generated by org.testng.reporters.JUnitReportReporter -->
<testsuite skipped="0" hostname="DESKTOP-N60QB27" name="tests.BrowserTest" tests="1" failures="0" timestamp="2022-12-24T20:27:04 IST" time="7.652" errors="0">
  <testcase name="launchTest" time="7.652" classname="tests.BrowserTest"/>
</testsuite> <!-- tests.BrowserTest -->
